<?xml version="1.0" encoding="UTF-8"?>
<testsuite xmlns:xsi="http://www.w3.org/2001/XMLSchema-instance" xsi:noNamespaceSchemaLocation="https://maven.apache.org/surefire/maven-surefire-plugin/xsd/surefire-test-report-3.0.xsd" version="3.0" name="com.davcet.konsulta.konsultatest.TestKonsultaSqlManager$testH2" time="0.233" tests="2" errors="0" skipped="0" failures="0">
  <properties>
[...]
</properties>
  <testcase name="closeConnection" classname="com.davcet.konsulta.konsultatest.TestKonsultaSqlManager$testH2" time="0.001"/>
  <testcase name="testCreateInsertSelectDeleteH2" classname="com.davcet.konsulta.konsultatest.TestKonsultaSqlManager$testH2" time="0.028"/>
</testsuite>